<?xml version="1.0" encoding="UTF-8"?>
<!-- Generated by org.testng.reporters.JUnitReportReporter -->
<testsuite hostname="W-PF3NZE1V" failures="0" tests="3" name="playwrightdemo.testcases.HomePageTests" time="26.620" errors="0" timestamp="2023-06-12T12:22:46 IST" skipped="0">
  <testcase classname="playwrightdemo.testcases.HomePageTests" name="urlTest" time="5.189"/>
  <system-out/>
  <testcase classname="playwrightdemo.testcases.HomePageTests" name="searchTest" time="10.394"/>
  <system-out/>
  <testcase classname="playwrightdemo.testcases.HomePageTests" name="titleTest" time="11.037"/>
  <system-out/>
</testsuite> <!-- playwrightdemo.testcases.HomePageTests -->
