<?xml version="1.0" encoding="UTF-8"?>
<!-- Generated by org.testng.reporters.JUnitReportReporter -->
<testsuite hostname="W-PF3NZE1V" failures="0" tests="3" name="playwrightdemo.testcases.OrangeHRMLoginTest" time="8.212" errors="0" timestamp="2023-06-15T13:59:21 IST" skipped="0">
  <testcase classname="playwrightdemo.testcases.OrangeHRMLoginTest" name="verifyForgotPassword" time="1.603"/>
  <system-out/>
  <testcase classname="playwrightdemo.testcases.OrangeHRMLoginTest" name="LoginTest" time="0.273"/>
  <system-out/>
  <testcase classname="playwrightdemo.testcases.OrangeHRMLoginTest" name="LogoutTest" time="6.336"/>
  <system-out/>
</testsuite> <!-- playwrightdemo.testcases.OrangeHRMLoginTest -->
