<?xml version="1.0" encoding="UTF-8"?>
<!-- Generated by org.testng.reporters.JUnitReportReporter -->
<testsuite hostname="W-PF3NZE1V" failures="0" tests="3" name="playwrightdemo.testcases.AdminPageTest" time="169.899" errors="0" timestamp="2023-06-21T09:26:44 IST" skipped="0">
  <testcase classname="playwrightdemo.testcases.AdminPageTest" name="addUserTest" time="57.964"/>
  <system-out/>
  <testcase classname="playwrightdemo.testcases.AdminPageTest" name="searchUserTest" time="53.195"/>
  <system-out/>
  <testcase classname="playwrightdemo.testcases.AdminPageTest" name="deleteUserTest" time="58.740"/>
  <system-out/>
</testsuite> <!-- playwrightdemo.testcases.AdminPageTest -->
